<?xml version="1.0" encoding="UTF-8"?>
<!-- Generated by org.testng.reporters.JUnitReportReporter -->
<testsuite hostname="manoj-ThinkPad-E470" name="testCases.VerifyLoging" tests="1" failures="0" timestamp="12 Dec 2017 16:16:04 GMT" time="23.873" errors="0">
  <testcase name="verifyLoginCredentials" time="23.873" classname="testCases.VerifyLoging"/>
</testsuite> <!-- testCases.VerifyLoging -->
